19Y-05-20 17:27:40: { Error: listen EADDRINUSE: address already in use :::8000
19Y-05-20 17:27:40:     at Server.setupListenHandle [as _listen2] (net.js:1259:14)
19Y-05-20 17:27:40:     at listenInCluster (net.js:1307:12)
19Y-05-20 17:27:40:     at Server.listen (net.js:1395:7)
19Y-05-20 17:27:40:     at Object.<anonymous> (/Users/kingwubin/project/ratel/server/src/bin/www.js:10:8)
19Y-05-20 17:27:40:     at Module._compile (internal/modules/cjs/loader.js:816:30)
19Y-05-20 17:27:40:     at Object.Module._extensions..js (internal/modules/cjs/loader.js:827:10)
19Y-05-20 17:27:40:     at Module.load (internal/modules/cjs/loader.js:685:32)
19Y-05-20 17:27:40:     at Function.Module._load (internal/modules/cjs/loader.js:620:12)
19Y-05-20 17:27:40:     at Function._load (/Users/kingwubin/.nvm/versions/node/v11.14.0/lib/node_modules/pm2/node_modules/@pm2/io/build/main/metrics/httpMetrics.js:172:43)
19Y-05-20 17:27:40:     at Object.<anonymous> (/Users/kingwubin/.nvm/versions/node/v11.14.0/lib/node_modules/pm2/lib/ProcessContainerFork.js:27:21)
19Y-05-20 17:27:40:   code: 'EADDRINUSE',
19Y-05-20 17:27:40:   errno: 'EADDRINUSE',
19Y-05-20 17:27:40:   syscall: 'listen',
19Y-05-20 17:27:40:   address: '::',
19Y-05-20 17:27:40:   port: 8000 }
19Y-05-20 17:27:40: { Error: listen EADDRINUSE: address already in use :::8000
19Y-05-20 17:27:40:     at Server.setupListenHandle [as _listen2] (net.js:1259:14)
19Y-05-20 17:27:40:     at listenInCluster (net.js:1307:12)
19Y-05-20 17:27:40:     at Server.listen (net.js:1395:7)
19Y-05-20 17:27:40:     at Object.<anonymous> (/Users/kingwubin/project/ratel/server/src/bin/www.js:10:8)
19Y-05-20 17:27:40:     at Module._compile (internal/modules/cjs/loader.js:816:30)
19Y-05-20 17:27:40:     at Object.Module._extensions..js (internal/modules/cjs/loader.js:827:10)
19Y-05-20 17:27:40:     at Module.load (internal/modules/cjs/loader.js:685:32)
19Y-05-20 17:27:40:     at Function.Module._load (internal/modules/cjs/loader.js:620:12)
19Y-05-20 17:27:40:     at Function._load (/Users/kingwubin/.nvm/versions/node/v11.14.0/lib/node_modules/pm2/node_modules/@pm2/io/build/main/metrics/httpMetrics.js:172:43)
19Y-05-20 17:27:40:     at Object.<anonymous> (/Users/kingwubin/.nvm/versions/node/v11.14.0/lib/node_modules/pm2/lib/ProcessContainerFork.js:27:21)
19Y-05-20 17:27:40:   code: 'EADDRINUSE',
19Y-05-20 17:27:40:   errno: 'EADDRINUSE',
19Y-05-20 17:27:40:   syscall: 'listen',
19Y-05-20 17:27:40:   address: '::',
19Y-05-20 17:27:40:   port: 8000 }
19Y-05-20 17:27:40: { Error: listen EADDRINUSE: address already in use :::8000
19Y-05-20 17:27:40:     at Server.setupListenHandle [as _listen2] (net.js:1259:14)
19Y-05-20 17:27:40:     at listenInCluster (net.js:1307:12)
19Y-05-20 17:27:40:     at Server.listen (net.js:1395:7)
19Y-05-20 17:27:40:     at Object.<anonymous> (/Users/kingwubin/project/ratel/server/src/bin/www.js:10:8)
19Y-05-20 17:27:40:     at Module._compile (internal/modules/cjs/loader.js:816:30)
19Y-05-20 17:27:40:     at Object.Module._extensions..js (internal/modules/cjs/loader.js:827:10)
19Y-05-20 17:27:40:     at Module.load (internal/modules/cjs/loader.js:685:32)
19Y-05-20 17:27:40:     at Function.Module._load (internal/modules/cjs/loader.js:620:12)
19Y-05-20 17:27:40:     at Function._load (/Users/kingwubin/.nvm/versions/node/v11.14.0/lib/node_modules/pm2/node_modules/@pm2/io/build/main/metrics/httpMetrics.js:172:43)
19Y-05-20 17:27:40:     at Object.<anonymous> (/Users/kingwubin/.nvm/versions/node/v11.14.0/lib/node_modules/pm2/lib/ProcessContainerFork.js:27:21)
19Y-05-20 17:27:40:   code: 'EADDRINUSE',
19Y-05-20 17:27:40:   errno: 'EADDRINUSE',
19Y-05-20 17:27:40:   syscall: 'listen',
19Y-05-20 17:27:40:   address: '::',
19Y-05-20 17:27:40:   port: 8000 }
19Y-05-20 17:27:41: { Error: listen EADDRINUSE: address already in use :::8000
19Y-05-20 17:27:41:     at Server.setupListenHandle [as _listen2] (net.js:1259:14)
19Y-05-20 17:27:41:     at listenInCluster (net.js:1307:12)
19Y-05-20 17:27:41:     at Server.listen (net.js:1395:7)
19Y-05-20 17:27:41:     at Object.<anonymous> (/Users/kingwubin/project/ratel/server/src/bin/www.js:10:8)
19Y-05-20 17:27:41:     at Module._compile (internal/modules/cjs/loader.js:816:30)
19Y-05-20 17:27:41:     at Object.Module._extensions..js (internal/modules/cjs/loader.js:827:10)
19Y-05-20 17:27:41:     at Module.load (internal/modules/cjs/loader.js:685:32)
19Y-05-20 17:27:41:     at Function.Module._load (internal/modules/cjs/loader.js:620:12)
19Y-05-20 17:27:41:     at Function._load (/Users/kingwubin/.nvm/versions/node/v11.14.0/lib/node_modules/pm2/node_modules/@pm2/io/build/main/metrics/httpMetrics.js:172:43)
19Y-05-20 17:27:41:     at Object.<anonymous> (/Users/kingwubin/.nvm/versions/node/v11.14.0/lib/node_modules/pm2/lib/ProcessContainerFork.js:27:21)
19Y-05-20 17:27:41:   code: 'EADDRINUSE',
19Y-05-20 17:27:41:   errno: 'EADDRINUSE',
19Y-05-20 17:27:41:   syscall: 'listen',
19Y-05-20 17:27:41:   address: '::',
19Y-05-20 17:27:41:   port: 8000 }
19Y-05-20 17:27:41: { Error: listen EADDRINUSE: address already in use :::8000
19Y-05-20 17:27:41:     at Server.setupListenHandle [as _listen2] (net.js:1259:14)
19Y-05-20 17:27:41:     at listenInCluster (net.js:1307:12)
19Y-05-20 17:27:41:     at Server.listen (net.js:1395:7)
19Y-05-20 17:27:41:     at Object.<anonymous> (/Users/kingwubin/project/ratel/server/src/bin/www.js:10:8)
19Y-05-20 17:27:41:     at Module._compile (internal/modules/cjs/loader.js:816:30)
19Y-05-20 17:27:41:     at Object.Module._extensions..js (internal/modules/cjs/loader.js:827:10)
19Y-05-20 17:27:41:     at Module.load (internal/modules/cjs/loader.js:685:32)
19Y-05-20 17:27:41:     at Function.Module._load (internal/modules/cjs/loader.js:620:12)
19Y-05-20 17:27:41:     at Function._load (/Users/kingwubin/.nvm/versions/node/v11.14.0/lib/node_modules/pm2/node_modules/@pm2/io/build/main/metrics/httpMetrics.js:172:43)
19Y-05-20 17:27:41:     at Object.<anonymous> (/Users/kingwubin/.nvm/versions/node/v11.14.0/lib/node_modules/pm2/lib/ProcessContainerFork.js:27:21)
19Y-05-20 17:27:41:   code: 'EADDRINUSE',
19Y-05-20 17:27:41:   errno: 'EADDRINUSE',
19Y-05-20 17:27:41:   syscall: 'listen',
19Y-05-20 17:27:41:   address: '::',
19Y-05-20 17:27:41:   port: 8000 }
19Y-05-20 17:27:42: { Error: listen EADDRINUSE: address already in use :::8000
19Y-05-20 17:27:42:     at Server.setupListenHandle [as _listen2] (net.js:1259:14)
19Y-05-20 17:27:42:     at listenInCluster (net.js:1307:12)
19Y-05-20 17:27:42:     at Server.listen (net.js:1395:7)
19Y-05-20 17:27:42:     at Object.<anonymous> (/Users/kingwubin/project/ratel/server/src/bin/www.js:10:8)
19Y-05-20 17:27:42:     at Module._compile (internal/modules/cjs/loader.js:816:30)
19Y-05-20 17:27:42:     at Object.Module._extensions..js (internal/modules/cjs/loader.js:827:10)
19Y-05-20 17:27:42:     at Module.load (internal/modules/cjs/loader.js:685:32)
19Y-05-20 17:27:42:     at Function.Module._load (internal/modules/cjs/loader.js:620:12)
19Y-05-20 17:27:42:     at Function._load (/Users/kingwubin/.nvm/versions/node/v11.14.0/lib/node_modules/pm2/node_modules/@pm2/io/build/main/metrics/httpMetrics.js:172:43)
19Y-05-20 17:27:42:     at Object.<anonymous> (/Users/kingwubin/.nvm/versions/node/v11.14.0/lib/node_modules/pm2/lib/ProcessContainerFork.js:27:21)
19Y-05-20 17:27:42:   code: 'EADDRINUSE',
19Y-05-20 17:27:42:   errno: 'EADDRINUSE',
19Y-05-20 17:27:42:   syscall: 'listen',
19Y-05-20 17:27:42:   address: '::',
19Y-05-20 17:27:42:   port: 8000 }
19Y-05-20 17:27:42: { Error: listen EADDRINUSE: address already in use :::8000
19Y-05-20 17:27:42:     at Server.setupListenHandle [as _listen2] (net.js:1259:14)
19Y-05-20 17:27:42:     at listenInCluster (net.js:1307:12)
19Y-05-20 17:27:42:     at Server.listen (net.js:1395:7)
19Y-05-20 17:27:42:     at Object.<anonymous> (/Users/kingwubin/project/ratel/server/src/bin/www.js:10:8)
19Y-05-20 17:27:42:     at Module._compile (internal/modules/cjs/loader.js:816:30)
19Y-05-20 17:27:42:     at Object.Module._extensions..js (internal/modules/cjs/loader.js:827:10)
19Y-05-20 17:27:42:     at Module.load (internal/modules/cjs/loader.js:685:32)
19Y-05-20 17:27:42:     at Function.Module._load (internal/modules/cjs/loader.js:620:12)
19Y-05-20 17:27:42:     at Function._load (/Users/kingwubin/.nvm/versions/node/v11.14.0/lib/node_modules/pm2/node_modules/@pm2/io/build/main/metrics/httpMetrics.js:172:43)
19Y-05-20 17:27:42:     at Object.<anonymous> (/Users/kingwubin/.nvm/versions/node/v11.14.0/lib/node_modules/pm2/lib/ProcessContainerFork.js:27:21)
19Y-05-20 17:27:42:   code: 'EADDRINUSE',
19Y-05-20 17:27:42:   errno: 'EADDRINUSE',
19Y-05-20 17:27:42:   syscall: 'listen',
19Y-05-20 17:27:42:   address: '::',
19Y-05-20 17:27:42:   port: 8000 }
19Y-05-20 17:27:43: { Error: listen EADDRINUSE: address already in use :::8000
19Y-05-20 17:27:43:     at Server.setupListenHandle [as _listen2] (net.js:1259:14)
19Y-05-20 17:27:43:     at listenInCluster (net.js:1307:12)
19Y-05-20 17:27:43:     at Server.listen (net.js:1395:7)
19Y-05-20 17:27:43:     at Object.<anonymous> (/Users/kingwubin/project/ratel/server/src/bin/www.js:10:8)
19Y-05-20 17:27:43:     at Module._compile (internal/modules/cjs/loader.js:816:30)
19Y-05-20 17:27:43:     at Object.Module._extensions..js (internal/modules/cjs/loader.js:827:10)
19Y-05-20 17:27:43:     at Module.load (internal/modules/cjs/loader.js:685:32)
19Y-05-20 17:27:43:     at Function.Module._load (internal/modules/cjs/loader.js:620:12)
19Y-05-20 17:27:43:     at Function._load (/Users/kingwubin/.nvm/versions/node/v11.14.0/lib/node_modules/pm2/node_modules/@pm2/io/build/main/metrics/httpMetrics.js:172:43)
19Y-05-20 17:27:43:     at Object.<anonymous> (/Users/kingwubin/.nvm/versions/node/v11.14.0/lib/node_modules/pm2/lib/ProcessContainerFork.js:27:21)
19Y-05-20 17:27:43:   code: 'EADDRINUSE',
19Y-05-20 17:27:43:   errno: 'EADDRINUSE',
19Y-05-20 17:27:43:   syscall: 'listen',
19Y-05-20 17:27:43:   address: '::',
19Y-05-20 17:27:43:   port: 8000 }
19Y-05-20 17:27:43: { Error: listen EADDRINUSE: address already in use :::8000
19Y-05-20 17:27:43:     at Server.setupListenHandle [as _listen2] (net.js:1259:14)
19Y-05-20 17:27:43:     at listenInCluster (net.js:1307:12)
19Y-05-20 17:27:43:     at Server.listen (net.js:1395:7)
19Y-05-20 17:27:43:     at Object.<anonymous> (/Users/kingwubin/project/ratel/server/src/bin/www.js:10:8)
19Y-05-20 17:27:43:     at Module._compile (internal/modules/cjs/loader.js:816:30)
19Y-05-20 17:27:43:     at Object.Module._extensions..js (internal/modules/cjs/loader.js:827:10)
19Y-05-20 17:27:43:     at Module.load (internal/modules/cjs/loader.js:685:32)
19Y-05-20 17:27:43:     at Function.Module._load (internal/modules/cjs/loader.js:620:12)
19Y-05-20 17:27:43:     at Function._load (/Users/kingwubin/.nvm/versions/node/v11.14.0/lib/node_modules/pm2/node_modules/@pm2/io/build/main/metrics/httpMetrics.js:172:43)
19Y-05-20 17:27:43:     at Object.<anonymous> (/Users/kingwubin/.nvm/versions/node/v11.14.0/lib/node_modules/pm2/lib/ProcessContainerFork.js:27:21)
19Y-05-20 17:27:43:   code: 'EADDRINUSE',
19Y-05-20 17:27:43:   errno: 'EADDRINUSE',
19Y-05-20 17:27:43:   syscall: 'listen',
19Y-05-20 17:27:43:   address: '::',
19Y-05-20 17:27:43:   port: 8000 }
19Y-05-20 17:27:44: { Error: listen EADDRINUSE: address already in use :::8000
19Y-05-20 17:27:44:     at Server.setupListenHandle [as _listen2] (net.js:1259:14)
19Y-05-20 17:27:44:     at listenInCluster (net.js:1307:12)
19Y-05-20 17:27:44:     at Server.listen (net.js:1395:7)
19Y-05-20 17:27:44:     at Object.<anonymous> (/Users/kingwubin/project/ratel/server/src/bin/www.js:10:8)
19Y-05-20 17:27:44:     at Module._compile (internal/modules/cjs/loader.js:816:30)
19Y-05-20 17:27:44:     at Object.Module._extensions..js (internal/modules/cjs/loader.js:827:10)
19Y-05-20 17:27:44:     at Module.load (internal/modules/cjs/loader.js:685:32)
19Y-05-20 17:27:44:     at Function.Module._load (internal/modules/cjs/loader.js:620:12)
19Y-05-20 17:27:44:     at Function._load (/Users/kingwubin/.nvm/versions/node/v11.14.0/lib/node_modules/pm2/node_modules/@pm2/io/build/main/metrics/httpMetrics.js:172:43)
19Y-05-20 17:27:44:     at Object.<anonymous> (/Users/kingwubin/.nvm/versions/node/v11.14.0/lib/node_modules/pm2/lib/ProcessContainerFork.js:27:21)
19Y-05-20 17:27:44:   code: 'EADDRINUSE',
19Y-05-20 17:27:44:   errno: 'EADDRINUSE',
19Y-05-20 17:27:44:   syscall: 'listen',
19Y-05-20 17:27:44:   address: '::',
19Y-05-20 17:27:44:   port: 8000 }
19Y-05-20 17:27:44: { Error: listen EADDRINUSE: address already in use :::8000
19Y-05-20 17:27:44:     at Server.setupListenHandle [as _listen2] (net.js:1259:14)
19Y-05-20 17:27:44:     at listenInCluster (net.js:1307:12)
19Y-05-20 17:27:44:     at Server.listen (net.js:1395:7)
19Y-05-20 17:27:44:     at Object.<anonymous> (/Users/kingwubin/project/ratel/server/src/bin/www.js:10:8)
19Y-05-20 17:27:44:     at Module._compile (internal/modules/cjs/loader.js:816:30)
19Y-05-20 17:27:44:     at Object.Module._extensions..js (internal/modules/cjs/loader.js:827:10)
19Y-05-20 17:27:44:     at Module.load (internal/modules/cjs/loader.js:685:32)
19Y-05-20 17:27:44:     at Function.Module._load (internal/modules/cjs/loader.js:620:12)
19Y-05-20 17:27:44:     at Function._load (/Users/kingwubin/.nvm/versions/node/v11.14.0/lib/node_modules/pm2/node_modules/@pm2/io/build/main/metrics/httpMetrics.js:172:43)
19Y-05-20 17:27:44:     at Object.<anonymous> (/Users/kingwubin/.nvm/versions/node/v11.14.0/lib/node_modules/pm2/lib/ProcessContainerFork.js:27:21)
19Y-05-20 17:27:44:   code: 'EADDRINUSE',
19Y-05-20 17:27:44:   errno: 'EADDRINUSE',
19Y-05-20 17:27:44:   syscall: 'listen',
19Y-05-20 17:27:44:   address: '::',
19Y-05-20 17:27:44:   port: 8000 }
19Y-05-20 17:27:45: { Error: listen EADDRINUSE: address already in use :::8000
19Y-05-20 17:27:45:     at Server.setupListenHandle [as _listen2] (net.js:1259:14)
19Y-05-20 17:27:45:     at listenInCluster (net.js:1307:12)
19Y-05-20 17:27:45:     at Server.listen (net.js:1395:7)
19Y-05-20 17:27:45:     at Object.<anonymous> (/Users/kingwubin/project/ratel/server/src/bin/www.js:10:8)
19Y-05-20 17:27:45:     at Module._compile (internal/modules/cjs/loader.js:816:30)
19Y-05-20 17:27:45:     at Object.Module._extensions..js (internal/modules/cjs/loader.js:827:10)
19Y-05-20 17:27:45:     at Module.load (internal/modules/cjs/loader.js:685:32)
19Y-05-20 17:27:45:     at Function.Module._load (internal/modules/cjs/loader.js:620:12)
19Y-05-20 17:27:45:     at Function._load (/Users/kingwubin/.nvm/versions/node/v11.14.0/lib/node_modules/pm2/node_modules/@pm2/io/build/main/metrics/httpMetrics.js:172:43)
19Y-05-20 17:27:45:     at Object.<anonymous> (/Users/kingwubin/.nvm/versions/node/v11.14.0/lib/node_modules/pm2/lib/ProcessContainerFork.js:27:21)
19Y-05-20 17:27:45:   code: 'EADDRINUSE',
19Y-05-20 17:27:45:   errno: 'EADDRINUSE',
19Y-05-20 17:27:45:   syscall: 'listen',
19Y-05-20 17:27:45:   address: '::',
19Y-05-20 17:27:45:   port: 8000 }
19Y-05-20 17:27:45: { Error: listen EADDRINUSE: address already in use :::8000
19Y-05-20 17:27:45:     at Server.setupListenHandle [as _listen2] (net.js:1259:14)
19Y-05-20 17:27:45:     at listenInCluster (net.js:1307:12)
19Y-05-20 17:27:45:     at Server.listen (net.js:1395:7)
19Y-05-20 17:27:45:     at Object.<anonymous> (/Users/kingwubin/project/ratel/server/src/bin/www.js:10:8)
19Y-05-20 17:27:45:     at Module._compile (internal/modules/cjs/loader.js:816:30)
19Y-05-20 17:27:45:     at Object.Module._extensions..js (internal/modules/cjs/loader.js:827:10)
19Y-05-20 17:27:45:     at Module.load (internal/modules/cjs/loader.js:685:32)
19Y-05-20 17:27:45:     at Function.Module._load (internal/modules/cjs/loader.js:620:12)
19Y-05-20 17:27:45:     at Function._load (/Users/kingwubin/.nvm/versions/node/v11.14.0/lib/node_modules/pm2/node_modules/@pm2/io/build/main/metrics/httpMetrics.js:172:43)
19Y-05-20 17:27:45:     at Object.<anonymous> (/Users/kingwubin/.nvm/versions/node/v11.14.0/lib/node_modules/pm2/lib/ProcessContainerFork.js:27:21)
19Y-05-20 17:27:45:   code: 'EADDRINUSE',
19Y-05-20 17:27:45:   errno: 'EADDRINUSE',
19Y-05-20 17:27:45:   syscall: 'listen',
19Y-05-20 17:27:45:   address: '::',
19Y-05-20 17:27:45:   port: 8000 }
19Y-05-20 17:27:45: { Error: listen EADDRINUSE: address already in use :::8000
19Y-05-20 17:27:45:     at Server.setupListenHandle [as _listen2] (net.js:1259:14)
19Y-05-20 17:27:45:     at listenInCluster (net.js:1307:12)
19Y-05-20 17:27:45:     at Server.listen (net.js:1395:7)
19Y-05-20 17:27:45:     at Object.<anonymous> (/Users/kingwubin/project/ratel/server/src/bin/www.js:10:8)
19Y-05-20 17:27:45:     at Module._compile (internal/modules/cjs/loader.js:816:30)
19Y-05-20 17:27:45:     at Object.Module._extensions..js (internal/modules/cjs/loader.js:827:10)
19Y-05-20 17:27:45:     at Module.load (internal/modules/cjs/loader.js:685:32)
19Y-05-20 17:27:45:     at Function.Module._load (internal/modules/cjs/loader.js:620:12)
19Y-05-20 17:27:45:     at Function._load (/Users/kingwubin/.nvm/versions/node/v11.14.0/lib/node_modules/pm2/node_modules/@pm2/io/build/main/metrics/httpMetrics.js:172:43)
19Y-05-20 17:27:45:     at Object.<anonymous> (/Users/kingwubin/.nvm/versions/node/v11.14.0/lib/node_modules/pm2/lib/ProcessContainerFork.js:27:21)
19Y-05-20 17:27:45:   code: 'EADDRINUSE',
19Y-05-20 17:27:45:   errno: 'EADDRINUSE',
19Y-05-20 17:27:45:   syscall: 'listen',
19Y-05-20 17:27:45:   address: '::',
19Y-05-20 17:27:45:   port: 8000 }
19Y-05-20 17:27:46: { Error: listen EADDRINUSE: address already in use :::8000
19Y-05-20 17:27:46:     at Server.setupListenHandle [as _listen2] (net.js:1259:14)
19Y-05-20 17:27:46:     at listenInCluster (net.js:1307:12)
19Y-05-20 17:27:46:     at Server.listen (net.js:1395:7)
19Y-05-20 17:27:46:     at Object.<anonymous> (/Users/kingwubin/project/ratel/server/src/bin/www.js:10:8)
19Y-05-20 17:27:46:     at Module._compile (internal/modules/cjs/loader.js:816:30)
19Y-05-20 17:27:46:     at Object.Module._extensions..js (internal/modules/cjs/loader.js:827:10)
19Y-05-20 17:27:46:     at Module.load (internal/modules/cjs/loader.js:685:32)
19Y-05-20 17:27:46:     at Function.Module._load (internal/modules/cjs/loader.js:620:12)
19Y-05-20 17:27:46:     at Function._load (/Users/kingwubin/.nvm/versions/node/v11.14.0/lib/node_modules/pm2/node_modules/@pm2/io/build/main/metrics/httpMetrics.js:172:43)
19Y-05-20 17:27:46:     at Object.<anonymous> (/Users/kingwubin/.nvm/versions/node/v11.14.0/lib/node_modules/pm2/lib/ProcessContainerFork.js:27:21)
19Y-05-20 17:27:46:   code: 'EADDRINUSE',
19Y-05-20 17:27:46:   errno: 'EADDRINUSE',
19Y-05-20 17:27:46:   syscall: 'listen',
19Y-05-20 17:27:46:   address: '::',
19Y-05-20 17:27:46:   port: 8000 }
19Y-05-20 17:27:46: { Error: listen EADDRINUSE: address already in use :::8000
19Y-05-20 17:27:46:     at Server.setupListenHandle [as _listen2] (net.js:1259:14)
19Y-05-20 17:27:46:     at listenInCluster (net.js:1307:12)
19Y-05-20 17:27:46:     at Server.listen (net.js:1395:7)
19Y-05-20 17:27:46:     at Object.<anonymous> (/Users/kingwubin/project/ratel/server/src/bin/www.js:10:8)
19Y-05-20 17:27:46:     at Module._compile (internal/modules/cjs/loader.js:816:30)
19Y-05-20 17:27:46:     at Object.Module._extensions..js (internal/modules/cjs/loader.js:827:10)
19Y-05-20 17:27:46:     at Module.load (internal/modules/cjs/loader.js:685:32)
19Y-05-20 17:27:46:     at Function.Module._load (internal/modules/cjs/loader.js:620:12)
19Y-05-20 17:27:46:     at Function._load (/Users/kingwubin/.nvm/versions/node/v11.14.0/lib/node_modules/pm2/node_modules/@pm2/io/build/main/metrics/httpMetrics.js:172:43)
19Y-05-20 17:27:46:     at Object.<anonymous> (/Users/kingwubin/.nvm/versions/node/v11.14.0/lib/node_modules/pm2/lib/ProcessContainerFork.js:27:21)
19Y-05-20 17:27:46:   code: 'EADDRINUSE',
19Y-05-20 17:27:46:   errno: 'EADDRINUSE',
19Y-05-20 17:27:46:   syscall: 'listen',
19Y-05-20 17:27:46:   address: '::',
19Y-05-20 17:27:46:   port: 8000 }
19Y-05-20 17:28:40: 橙丝带
19Y-05-20 20:12:14: { Error: Connection lost: The server closed the connection.
19Y-05-20 20:12:14:     at Protocol.end (/Users/kingwubin/project/ratel/server/node_modules/mysql/lib/protocol/Protocol.js:112:13)
19Y-05-20 20:12:14:     at Socket.<anonymous> (/Users/kingwubin/project/ratel/server/node_modules/mysql/lib/Connection.js:97:28)
19Y-05-20 20:12:14:     at Socket.<anonymous> (/Users/kingwubin/project/ratel/server/node_modules/mysql/lib/Connection.js:525:10)
19Y-05-20 20:12:14:     at Socket.emit (events.js:198:15)
19Y-05-20 20:12:14:     at endReadableNT (_stream_readable.js:1139:12)
19Y-05-20 20:12:14:     at processTicksAndRejections (internal/process/task_queues.js:81:17) fatal: true, code: 'PROTOCOL_CONNECTION_LOST' }
